{"/Users/ryanefendy95/GoogleDrive/DrexelxJunior/CS451/checkers-cs451/spec/testSpec.js":{"path":"/Users/ryanefendy95/GoogleDrive/DrexelxJunior/CS451/checkers-cs451/spec/testSpec.js","s":{"1":1,"2":1,"3":1,"4":1,"5":1},"b":{},"f":{"1":1,"2":1},"fnMap":{"1":{"name":"(anonymous_1)","line":19,"loc":{"start":{"line":19,"column":34},"end":{"line":19,"column":45}}},"2":{"name":"(anonymous_2)","line":22,"loc":{"start":{"line":22,"column":48},"end":{"line":22,"column":59}}}},"statementMap":{"1":{"start":{"line":17,"column":0},"end":{"line":17,"column":35}},"2":{"start":{"line":19,"column":0},"end":{"line":25,"column":3}},"3":{"start":{"line":20,"column":4},"end":{"line":20,"column":41}},"4":{"start":{"line":22,"column":4},"end":{"line":24,"column":7}},"5":{"start":{"line":23,"column":8},"end":{"line":23,"column":50}}},"branchMap":{}},"/Users/ryanefendy95/GoogleDrive/DrexelxJunior/CS451/checkers-cs451/color.js":{"path":"/Users/ryanefendy95/GoogleDrive/DrexelxJunior/CS451/checkers-cs451/color.js","s":{"1":1,"2":1,"3":1,"4":1,"5":1,"6":1},"b":{"1":[1,0],"2":[1,1]},"f":{"1":1,"2":1},"fnMap":{"1":{"name":"Color","line":1,"loc":{"start":{"line":1,"column":0},"end":{"line":2,"column":0}}},"2":{"name":"(anonymous_2)","line":5,"loc":{"start":{"line":5,"column":22},"end":{"line":6,"column":4}}}},"statementMap":{"1":{"start":{"line":1,"column":0},"end":{"line":9,"column":1}},"2":{"start":{"line":3,"column":4},"end":{"line":3,"column":37}},"3":{"start":{"line":5,"column":4},"end":{"line":8,"column":5}},"4":{"start":{"line":7,"column":8},"end":{"line":7,"column":23}},"5":{"start":{"line":12,"column":0},"end":{"line":15,"column":1}},"6":{"start":{"line":14,"column":4},"end":{"line":14,"column":27}}},"branchMap":{"1":{"line":12,"type":"if","locations":[{"start":{"line":12,"column":0},"end":{"line":12,"column":0}},{"start":{"line":12,"column":0},"end":{"line":12,"column":0}}]},"2":{"line":12,"type":"binary-expr","locations":[{"start":{"line":12,"column":5},"end":{"line":12,"column":34}},{"start":{"line":12,"column":38},"end":{"line":12,"column":70}}]}}}}