TN:
SF:/Users/ryanefendy95/GoogleDrive/DrexelxJunior/CS451/checkers-cs451/spec/testSpec.js
FN:19,(anonymous_1)
FN:22,(anonymous_2)
FNF:2
FNH:2
FNDA:1,(anonymous_1)
FNDA:1,(anonymous_2)
DA:17,1
DA:19,1
DA:20,1
DA:22,1
DA:23,1
LF:5
LH:5
BRF:0
BRH:0
end_of_record
TN:
SF:/Users/ryanefendy95/GoogleDrive/DrexelxJunior/CS451/checkers-cs451/color.js
FN:1,Color
FN:5,(anonymous_2)
FNF:2
FNH:2
FNDA:1,Color
FNDA:1,(anonymous_2)
DA:1,1
DA:3,1
DA:5,1
DA:7,1
DA:12,1
DA:14,1
LF:6
LH:6
BRDA:12,1,0,1
BRDA:12,1,1,0
BRDA:12,2,0,1
BRDA:12,2,1,1
BRF:4
BRH:3
end_of_record
